<?xml version="1.0" encoding="UTF-8"?>
<coverage generated="1710408125212" clover="3.2.0">
  <project timestamp="1710408125212" name="All files">
    <metrics statements="18" coveredstatements="3" conditionals="0" coveredconditionals="0" methods="8" coveredmethods="1" elements="26" coveredelements="4" complexity="0" loc="18" ncloc="18" packages="3" files="5" classes="5"/>
    <package name="src">
      <metrics statements="2" coveredstatements="0" conditionals="0" coveredconditionals="0" methods="1" coveredmethods="0"/>
      <file name="App.jsx" path="C:/DATA-JON/PROJECT-REACT-VITE/belajar-vitest-unittesting/src/App.jsx">
        <metrics statements="1" coveredstatements="0" conditionals="0" coveredconditionals="0" methods="1" coveredmethods="0"/>
        <line num="7" count="0" type="stmt"/>
      </file>
      <file name="main.jsx" path="C:/DATA-JON/PROJECT-REACT-VITE/belajar-vitest-unittesting/src/main.jsx">
        <metrics statements="1" coveredstatements="0" conditionals="0" coveredconditionals="0" methods="0" coveredmethods="0"/>
        <line num="7" count="0" type="stmt"/>
      </file>
    </package>
    <package name="src.components.Navbar">
      <metrics statements="1" coveredstatements="0" conditionals="0" coveredconditionals="0" methods="1" coveredmethods="0"/>
      <file name="NavbarComponent.component.jsx" path="C:/DATA-JON/PROJECT-REACT-VITE/belajar-vitest-unittesting/src/components/Navbar/NavbarComponent.component.jsx">
        <metrics statements="1" coveredstatements="0" conditionals="0" coveredconditionals="0" methods="1" coveredmethods="0"/>
        <line num="4" count="0" type="stmt"/>
      </file>
    </package>
    <package name="src.pages.MasterParameter">
      <metrics statements="15" coveredstatements="3" conditionals="0" coveredconditionals="0" methods="6" coveredmethods="1"/>
      <file name="MasterParameter.component.jsx" path="C:/DATA-JON/PROJECT-REACT-VITE/belajar-vitest-unittesting/src/pages/MasterParameter/MasterParameter.component.jsx">
        <metrics statements="12" coveredstatements="0" conditionals="0" coveredconditionals="0" methods="5" coveredmethods="0"/>
        <line num="6" count="0" type="stmt"/>
        <line num="8" count="0" type="stmt"/>
        <line num="9" count="0" type="stmt"/>
        <line num="10" count="0" type="stmt"/>
        <line num="13" count="0" type="stmt"/>
        <line num="17" count="0" type="stmt"/>
        <line num="19" count="0" type="stmt"/>
        <line num="20" count="0" type="stmt"/>
        <line num="24" count="0" type="stmt"/>
        <line num="25" count="0" type="stmt"/>
        <line num="28" count="0" type="stmt"/>
        <line num="65" count="0" type="stmt"/>
      </file>
      <file name="MasterParameter.config.jsx" path="C:/DATA-JON/PROJECT-REACT-VITE/belajar-vitest-unittesting/src/pages/MasterParameter/MasterParameter.config.jsx">
        <metrics statements="3" coveredstatements="3" conditionals="0" coveredconditionals="0" methods="1" coveredmethods="1"/>
        <line num="1" count="1" type="stmt"/>
        <line num="2" count="1" type="stmt"/>
        <line num="5" count="1" type="stmt"/>
      </file>
    </package>
  </project>
</coverage>
