{"C:/DATA-JON/PROJECT-REACT-VITE/belajar-vitest-unittesting/src/App.jsx": {"path":"C:/DATA-JON/PROJECT-REACT-VITE/belajar-vitest-unittesting/src/App.jsx","statementMap":{"0":{"start":{"line":7,"column":2},"end":{"line":13,"column":null}}},"fnMap":{"0":{"name":"App","decl":{"start":{"line":6,"column":9},"end":{"line":6,"column":15}},"loc":{"start":{"line":6,"column":15},"end":{"line":15,"column":null}}}},"branchMap":{},"s":{"0":0},"f":{"0":0},"b":{}}
,"C:/DATA-JON/PROJECT-REACT-VITE/belajar-vitest-unittesting/src/main.jsx": {"path":"C:/DATA-JON/PROJECT-REACT-VITE/belajar-vitest-unittesting/src/main.jsx","statementMap":{"0":{"start":{"line":7,"column":0},"end":{"line":13,"column":null}}},"fnMap":{},"branchMap":{},"s":{"0":0},"f":{},"b":{}}
,"C:/DATA-JON/PROJECT-REACT-VITE/belajar-vitest-unittesting/src/components/Navbar/NavbarComponent.component.jsx": {"path":"C:/DATA-JON/PROJECT-REACT-VITE/belajar-vitest-unittesting/src/components/Navbar/NavbarComponent.component.jsx","statementMap":{"0":{"start":{"line":4,"column":2},"end":{"line":31,"column":null}}},"fnMap":{"0":{"name":"NavbarComponent","decl":{"start":{"line":3,"column":24},"end":{"line":3,"column":42}},"loc":{"start":{"line":3,"column":42},"end":{"line":33,"column":null}}}},"branchMap":{},"s":{"0":0},"f":{"0":0},"b":{}}
,"C:/DATA-JON/PROJECT-REACT-VITE/belajar-vitest-unittesting/src/pages/MasterParameter/MasterParameter.component.jsx": {"path":"C:/DATA-JON/PROJECT-REACT-VITE/belajar-vitest-unittesting/src/pages/MasterParameter/MasterParameter.component.jsx","statementMap":{"0":{"start":{"line":6,"column":28},"end":{"line":6,"column":null}},"1":{"start":{"line":8,"column":21},"end":{"line":22,"column":null}},"2":{"start":{"line":9,"column":4},"end":{"line":21,"column":null}},"3":{"start":{"line":10,"column":33},"end":{"line":12,"column":null}},"4":{"start":{"line":13,"column":22},"end":{"line":16,"column":null}},"5":{"start":{"line":13,"column":58},"end":{"line":16,"column":8}},"6":{"start":{"line":17,"column":6},"end":{"line":17,"column":null}},"7":{"start":{"line":19,"column":6},"end":{"line":19,"column":null}},"8":{"start":{"line":20,"column":6},"end":{"line":20,"column":null}},"9":{"start":{"line":24,"column":2},"end":{"line":26,"column":null}},"10":{"start":{"line":25,"column":4},"end":{"line":25,"column":null}},"11":{"start":{"line":28,"column":2},"end":{"line":87,"column":null}},"12":{"start":{"line":65,"column":12},"end":{"line":82,"column":null}}},"fnMap":{"0":{"name":"MasterParameter","decl":{"start":{"line":5,"column":24},"end":{"line":5,"column":42}},"loc":{"start":{"line":5,"column":42},"end":{"line":89,"column":null}}},"1":{"name":"(anonymous_1)","decl":{"start":{"line":8,"column":21},"end":{"line":8,"column":33}},"loc":{"start":{"line":8,"column":33},"end":{"line":22,"column":null}}},"2":{"name":"(anonymous_2)","decl":{"start":{"line":13,"column":40},"end":{"line":13,"column":41}},"loc":{"start":{"line":13,"column":58},"end":{"line":16,"column":8}}},"3":{"name":"(anonymous_3)","decl":{"start":{"line":24,"column":12},"end":{"line":24,"column":18}},"loc":{"start":{"line":24,"column":18},"end":{"line":26,"column":5}}},"4":{"name":"(anonymous_4)","decl":{"start":{"line":64,"column":21},"end":{"line":64,"column":22}},"loc":{"start":{"line":64,"column":38},"end":{"line":84,"column":11}}}},"branchMap":{},"s":{"0":0,"1":0,"2":0,"3":0,"4":0,"5":0,"6":0,"7":0,"8":0,"9":0,"10":0,"11":0,"12":0},"f":{"0":0,"1":0,"2":0,"3":0,"4":0},"b":{}}
,"C:/DATA-JON/PROJECT-REACT-VITE/belajar-vitest-unittesting/src/pages/MasterParameter/MasterParameter.config.jsx": {"path":"C:/DATA-JON/PROJECT-REACT-VITE/belajar-vitest-unittesting/src/pages/MasterParameter/MasterParameter.config.jsx","statementMap":{"0":{"start":{"line":1,"column":24},"end":{"line":3,"column":null}},"1":{"start":{"line":2,"column":2},"end":{"line":2,"column":null}},"2":{"start":{"line":5,"column":20},"end":{"line":20,"column":null}}},"fnMap":{"0":{"name":"(anonymous_0)","decl":{"start":{"line":1,"column":24},"end":{"line":1,"column":25}},"loc":{"start":{"line":1,"column":34},"end":{"line":3,"column":null}}}},"branchMap":{},"s":{"0":1,"1":1,"2":1},"f":{"0":1},"b":{}}
}
