{"C:/JON-DATA/PROJECT-REACT-VITE/belajar-vitest-unittesting/src/App.jsx": {"path":"C:/JON-DATA/PROJECT-REACT-VITE/belajar-vitest-unittesting/src/App.jsx","statementMap":{"0":{"start":{"line":7,"column":28},"end":{"line":7,"column":null}},"1":{"start":{"line":9,"column":2},"end":{"line":31,"column":null}},"2":{"start":{"line":21,"column":31},"end":{"line":21,"column":63}},"3":{"start":{"line":21,"column":51},"end":{"line":21,"column":60}}},"fnMap":{"0":{"name":"App","decl":{"start":{"line":6,"column":9},"end":{"line":6,"column":15}},"loc":{"start":{"line":6,"column":15},"end":{"line":33,"column":null}}},"1":{"name":"(anonymous_1)","decl":{"start":{"line":21,"column":25},"end":{"line":21,"column":31}},"loc":{"start":{"line":21,"column":31},"end":{"line":21,"column":63}}},"2":{"name":"(anonymous_2)","decl":{"start":{"line":21,"column":40},"end":{"line":21,"column":41}},"loc":{"start":{"line":21,"column":51},"end":{"line":21,"column":60}}}},"branchMap":{},"s":{"0":0,"1":0,"2":0,"3":0},"f":{"0":0,"1":0,"2":0},"b":{}}
,"C:/JON-DATA/PROJECT-REACT-VITE/belajar-vitest-unittesting/src/main.jsx": {"path":"C:/JON-DATA/PROJECT-REACT-VITE/belajar-vitest-unittesting/src/main.jsx","statementMap":{"0":{"start":{"line":6,"column":0},"end":{"line":10,"column":null}}},"fnMap":{},"branchMap":{},"s":{"0":0},"f":{},"b":{}}
,"C:/JON-DATA/PROJECT-REACT-VITE/belajar-vitest-unittesting/src/funtions/FunctionTest.jsx": {"path":"C:/JON-DATA/PROJECT-REACT-VITE/belajar-vitest-unittesting/src/funtions/FunctionTest.jsx","statementMap":{"0":{"start":{"line":1,"column":24},"end":{"line":3,"column":null}},"1":{"start":{"line":2,"column":2},"end":{"line":2,"column":null}}},"fnMap":{"0":{"name":"(anonymous_0)","decl":{"start":{"line":1,"column":24},"end":{"line":1,"column":25}},"loc":{"start":{"line":1,"column":34},"end":{"line":3,"column":null}}}},"branchMap":{},"s":{"0":1,"1":1},"f":{"0":1},"b":{}}
}
